<?xml version="1.0" encoding="UTF-8" ?>
<testsuite tests="8" failures="0" name="ec.edu.epn.javlySgr.reservation.ReservationProcessorTest" time="0.003" errors="0" skipped="0">
  <properties>
[...]
</properties>
  <testcase classname="ec.edu.epn.javlySgr.reservation.ReservationProcessorTest" name="given_error_parameters_when_make_reservation_error[0]" time="0"/>
  <testcase classname="ec.edu.epn.javlySgr.reservation.ReservationProcessorTest" name="given_room_client_and_dates_when_room_is_available_then_ok[0]" time="0"/>
  <testcase classname="ec.edu.epn.javlySgr.reservation.ReservationProcessorTest" name="given_error_parameters_when_make_reservation_error[1]" time="0.001"/>
  <testcase classname="ec.edu.epn.javlySgr.reservation.ReservationProcessorTest" name="given_room_client_and_dates_when_room_is_available_then_ok[1]" time="0.001"/>
  <testcase classname="ec.edu.epn.javlySgr.reservation.ReservationProcessorTest" name="given_error_parameters_when_make_reservation_error[2]" time="0"/>
  <testcase classname="ec.edu.epn.javlySgr.reservation.ReservationProcessorTest" name="given_room_client_and_dates_when_room_is_available_then_ok[2]" time="0"/>
  <testcase classname="ec.edu.epn.javlySgr.reservation.ReservationProcessorTest" name="given_error_parameters_when_make_reservation_error[3]" time="0.001"/>
  <testcase classname="ec.edu.epn.javlySgr.reservation.ReservationProcessorTest" name="given_room_client_and_dates_when_room_is_available_then_ok[3]" time="0"/>
</testsuite>